{"/Users/harrar/Dev/UserService/src/app.ts": {"path":"/Users/harrar/Dev/UserService/src/app.ts","statementMap":{"0":{"start":{"line":1,"column":0},"end":{"line":1,"column":30}},"1":{"start":{"line":2,"column":0},"end":{"line":2,"column":24}},"2":{"start":{"line":3,"column":0},"end":{"line":3,"column":28}},"3":{"start":{"line":4,"column":0},"end":{"line":4,"column":28}},"4":{"start":{"line":5,"column":0},"end":{"line":5,"column":51}},"5":{"start":{"line":6,"column":0},"end":{"line":6,"column":61}},"6":{"start":{"line":7,"column":0},"end":{"line":7,"column":46}},"7":{"start":{"line":10,"column":12},"end":{"line":10,"column":21}},"8":{"start":{"line":12,"column":0},"end":{"line":12,"column":18}},"9":{"start":{"line":13,"column":0},"end":{"line":13,"column":16}},"10":{"start":{"line":14,"column":0},"end":{"line":14,"column":24}},"11":{"start":{"line":15,"column":0},"end":{"line":15,"column":75}},"12":{"start":{"line":17,"column":0},"end":{"line":17,"column":34}},"13":{"start":{"line":19,"column":0},"end":{"line":21,"column":3}},"14":{"start":{"line":20,"column":2},"end":{"line":20,"column":75}},"15":{"start":{"line":23,"column":0},"end":{"line":23,"column":22}},"16":{"start":{"line":25,"column":0},"end":{"line":25,"column":19}}},"fnMap":{"0":{"name":"(anonymous_1)","decl":{"start":{"line":19,"column":19},"end":{"line":19,"column":20}},"loc":{"start":{"line":19,"column":32},"end":{"line":21,"column":1}}}},"branchMap":{"0":{"loc":{"start":{"line":15,"column":15},"end":{"line":15,"column":72}},"type":"cond-expr","locations":[{"start":{"line":15,"column":54},"end":{"line":15,"column":64}},{"start":{"line":15,"column":67},"end":{"line":15,"column":72}}]}},"s":{"0":0,"1":0,"2":0,"3":0,"4":0,"5":0,"6":0,"7":0,"8":0,"9":0,"10":0,"11":0,"12":0,"13":0,"14":0,"15":0,"16":0},"f":{"0":0},"b":{"0":[0,0]}}
,"/Users/harrar/Dev/UserService/src/server.ts": {"path":"/Users/harrar/Dev/UserService/src/server.ts","statementMap":{"0":{"start":{"line":1,"column":0},"end":{"line":1,"column":23}},"1":{"start":{"line":2,"column":0},"end":{"line":2,"column":24}},"2":{"start":{"line":3,"column":0},"end":{"line":3,"column":42}},"3":{"start":{"line":4,"column":0},"end":{"line":4,"column":51}},"4":{"start":{"line":5,"column":0},"end":{"line":5,"column":36}},"5":{"start":{"line":7,"column":20},"end":{"line":32,"column":1}},"6":{"start":{"line":8,"column":2},"end":{"line":31,"column":3}},"7":{"start":{"line":9,"column":4},"end":{"line":9,"column":22}},"8":{"start":{"line":11,"column":19},"end":{"line":13,"column":6}},"9":{"start":{"line":12,"column":6},"end":{"line":12,"column":95}},"10":{"start":{"line":15,"column":4},"end":{"line":20,"column":7}},"11":{"start":{"line":16,"column":6},"end":{"line":16,"column":47}},"12":{"start":{"line":17,"column":6},"end":{"line":19,"column":9}},"13":{"start":{"line":18,"column":8},"end":{"line":18,"column":24}},"14":{"start":{"line":22,"column":4},"end":{"line":27,"column":7}},"15":{"start":{"line":23,"column":6},"end":{"line":23,"column":64}},"16":{"start":{"line":24,"column":6},"end":{"line":26,"column":9}},"17":{"start":{"line":25,"column":8},"end":{"line":25,"column":42}},"18":{"start":{"line":29,"column":4},"end":{"line":29,"column":51}},"19":{"start":{"line":30,"column":4},"end":{"line":30,"column":20}},"20":{"start":{"line":34,"column":0},"end":{"line":34,"column":14}}},"fnMap":{"0":{"name":"(anonymous_1)","decl":{"start":{"line":7,"column":20},"end":{"line":7,"column":25}},"loc":{"start":{"line":7,"column":31},"end":{"line":32,"column":1}}},"1":{"name":"(anonymous_2)","decl":{"start":{"line":11,"column":48},"end":{"line":11,"column":51}},"loc":{"start":{"line":11,"column":53},"end":{"line":13,"column":5}}},"2":{"name":"(anonymous_3)","decl":{"start":{"line":15,"column":37},"end":{"line":15,"column":38}},"loc":{"start":{"line":15,"column":45},"end":{"line":20,"column":5}}},"3":{"name":"(anonymous_4)","decl":{"start":{"line":17,"column":19},"end":{"line":17,"column":22}},"loc":{"start":{"line":17,"column":24},"end":{"line":19,"column":7}}},"4":{"name":"(anonymous_5)","decl":{"start":{"line":22,"column":26},"end":{"line":22,"column":29}},"loc":{"start":{"line":22,"column":31},"end":{"line":27,"column":5}}},"5":{"name":"(anonymous_6)","decl":{"start":{"line":24,"column":19},"end":{"line":24,"column":22}},"loc":{"start":{"line":24,"column":24},"end":{"line":26,"column":7}}}},"branchMap":{},"s":{"0":0,"1":0,"2":0,"3":0,"4":0,"5":0,"6":0,"7":0,"8":0,"9":0,"10":0,"11":0,"12":0,"13":0,"14":0,"15":0,"16":0,"17":0,"18":0,"19":0,"20":0},"f":{"0":0,"1":0,"2":0,"3":0,"4":0,"5":0},"b":{}}
,"/Users/harrar/Dev/UserService/src/config/database.ts": {"path":"/Users/harrar/Dev/UserService/src/config/database.ts","statementMap":{"0":{"start":{"line":1,"column":0},"end":{"line":1,"column":32}},"1":{"start":{"line":2,"column":0},"end":{"line":2,"column":44}},"2":{"start":{"line":3,"column":0},"end":{"line":3,"column":37}},"3":{"start":{"line":5,"column":18},"end":{"line":31,"column":1}},"4":{"start":{"line":6,"column":2},"end":{"line":30,"column":3}},"5":{"start":{"line":7,"column":17},"end":{"line":7,"column":63}},"6":{"start":{"line":9,"column":4},"end":{"line":9,"column":62}},"7":{"start":{"line":12,"column":4},"end":{"line":14,"column":7}},"8":{"start":{"line":13,"column":6},"end":{"line":13,"column":53}},"9":{"start":{"line":16,"column":4},"end":{"line":18,"column":7}},"10":{"start":{"line":17,"column":6},"end":{"line":17,"column":42}},"11":{"start":{"line":21,"column":4},"end":{"line":25,"column":7}},"12":{"start":{"line":22,"column":6},"end":{"line":22,"column":40}},"13":{"start":{"line":23,"column":6},"end":{"line":23,"column":70}},"14":{"start":{"line":24,"column":6},"end":{"line":24,"column":22}},"15":{"start":{"line":28,"column":4},"end":{"line":28,"column":56}},"16":{"start":{"line":29,"column":4},"end":{"line":29,"column":20}},"17":{"start":{"line":33,"column":0},"end":{"line":33,"column":25}}},"fnMap":{"0":{"name":"(anonymous_1)","decl":{"start":{"line":5,"column":18},"end":{"line":5,"column":23}},"loc":{"start":{"line":5,"column":44},"end":{"line":31,"column":1}}},"1":{"name":"(anonymous_2)","decl":{"start":{"line":12,"column":36},"end":{"line":12,"column":37}},"loc":{"start":{"line":12,"column":44},"end":{"line":14,"column":5}}},"2":{"name":"(anonymous_3)","decl":{"start":{"line":16,"column":43},"end":{"line":16,"column":46}},"loc":{"start":{"line":16,"column":48},"end":{"line":18,"column":5}}},"3":{"name":"(anonymous_4)","decl":{"start":{"line":21,"column":25},"end":{"line":21,"column":30}},"loc":{"start":{"line":21,"column":36},"end":{"line":25,"column":5}}}},"branchMap":{},"s":{"0":0,"1":0,"2":0,"3":0,"4":0,"5":0,"6":0,"7":0,"8":0,"9":0,"10":0,"11":0,"12":0,"13":0,"14":0,"15":0,"16":0,"17":0},"f":{"0":0,"1":0,"2":0,"3":0},"b":{}}
,"/Users/harrar/Dev/UserService/src/config/environment.ts": {"path":"/Users/harrar/Dev/UserService/src/config/environment.ts","statementMap":{"0":{"start":{"line":12,"column":13},"end":{"line":21,"column":2}}},"fnMap":{},"branchMap":{"0":{"loc":{"start":{"line":13,"column":11},"end":{"line":13,"column":48}},"type":"binary-expr","locations":[{"start":{"line":13,"column":11},"end":{"line":13,"column":31}},{"start":{"line":13,"column":35},"end":{"line":13,"column":48}}]},"1":{"loc":{"start":{"line":14,"column":17},"end":{"line":14,"column":43}},"type":"binary-expr","locations":[{"start":{"line":14,"column":17},"end":{"line":14,"column":33}},{"start":{"line":14,"column":37},"end":{"line":14,"column":43}}]},"2":{"loc":{"start":{"line":15,"column":14},"end":{"line":15,"column":84}},"type":"binary-expr","locations":[{"start":{"line":15,"column":14},"end":{"line":15,"column":37}},{"start":{"line":15,"column":41},"end":{"line":15,"column":84}}]},"3":{"loc":{"start":{"line":17,"column":12},"end":{"line":17,"column":63}},"type":"binary-expr","locations":[{"start":{"line":17,"column":12},"end":{"line":17,"column":36}},{"start":{"line":17,"column":40},"end":{"line":17,"column":63}}]},"4":{"loc":{"start":{"line":18,"column":14},"end":{"line":18,"column":77}},"type":"binary-expr","locations":[{"start":{"line":18,"column":14},"end":{"line":18,"column":40}},{"start":{"line":18,"column":44},"end":{"line":18,"column":77}}]},"5":{"loc":{"start":{"line":20,"column":12},"end":{"line":20,"column":43}},"type":"binary-expr","locations":[{"start":{"line":20,"column":12},"end":{"line":20,"column":33}},{"start":{"line":20,"column":37},"end":{"line":20,"column":43}}]}},"s":{"0":2},"f":{},"b":{"0":[2,0],"1":[2,0],"2":[2,0],"3":[2,0],"4":[2,0],"5":[2,0]}}
,"/Users/harrar/Dev/UserService/src/controllers/user.controller.ts": {"path":"/Users/harrar/Dev/UserService/src/controllers/user.controller.ts","statementMap":{"0":{"start":{"line":2,"column":0},"end":{"line":2,"column":55}},"1":{"start":{"line":17,"column":4},"end":{"line":33,"column":5}},"2":{"start":{"line":18,"column":6},"end":{"line":23,"column":7}},"3":{"start":{"line":19,"column":8},"end":{"line":22,"column":11}},"4":{"start":{"line":25,"column":19},"end":{"line":25,"column":58}},"5":{"start":{"line":27,"column":6},"end":{"line":30,"column":9}},"6":{"start":{"line":32,"column":6},"end":{"line":32,"column":18}},"7":{"start":{"line":38,"column":4},"end":{"line":47,"column":5}},"8":{"start":{"line":39,"column":19},"end":{"line":39,"column":60}},"9":{"start":{"line":41,"column":6},"end":{"line":44,"column":9}},"10":{"start":{"line":46,"column":6},"end":{"line":46,"column":18}},"11":{"start":{"line":52,"column":4},"end":{"line":72,"column":5}},"12":{"start":{"line":53,"column":6},"end":{"line":58,"column":7}},"13":{"start":{"line":54,"column":8},"end":{"line":57,"column":11}},"14":{"start":{"line":60,"column":40},"end":{"line":62,"column":8}},"15":{"start":{"line":64,"column":26},"end":{"line":64,"column":82}},"16":{"start":{"line":66,"column":6},"end":{"line":69,"column":9}},"17":{"start":{"line":71,"column":6},"end":{"line":71,"column":18}},"18":{"start":{"line":77,"column":4},"end":{"line":98,"column":5}},"19":{"start":{"line":78,"column":35},"end":{"line":82,"column":8}},"20":{"start":{"line":84,"column":29},"end":{"line":84,"column":68}},"21":{"start":{"line":86,"column":6},"end":{"line":95,"column":9}},"22":{"start":{"line":97,"column":6},"end":{"line":97,"column":18}},"23":{"start":{"line":14,"column":0},"end":{"line":14,"column":13}},"24":{"start":{"line":102,"column":13},"end":{"line":102,"column":51}}},"fnMap":{"0":{"name":"(anonymous_0)","decl":{"start":{"line":16,"column":2},"end":{"line":16,"column":7}},"loc":{"start":{"line":16,"column":70},"end":{"line":34,"column":3}}},"1":{"name":"(anonymous_1)","decl":{"start":{"line":37,"column":2},"end":{"line":37,"column":7}},"loc":{"start":{"line":37,"column":67},"end":{"line":48,"column":3}}},"2":{"name":"(anonymous_2)","decl":{"start":{"line":51,"column":2},"end":{"line":51,"column":7}},"loc":{"start":{"line":51,"column":73},"end":{"line":73,"column":3}}},"3":{"name":"(anonymous_3)","decl":{"start":{"line":76,"column":2},"end":{"line":76,"column":7}},"loc":{"start":{"line":76,"column":74},"end":{"line":99,"column":3}}}},"branchMap":{"0":{"loc":{"start":{"line":18,"column":6},"end":{"line":23,"column":7}},"type":"if","locations":[{"start":{"line":18,"column":6},"end":{"line":23,"column":7}}]},"1":{"loc":{"start":{"line":18,"column":11},"end":{"line":18,"column":23}},"type":"cond-expr","locations":[{"start":{"line":18,"column":19},"end":{"line":18,"column":21}},{"start":{"line":18,"column":19},"end":{"line":18,"column":23}}]},"2":{"loc":{"start":{"line":18,"column":11},"end":{"line":18,"column":21}},"type":"binary-expr","locations":[{"start":{"line":18,"column":11},"end":{"line":18,"column":21}},{"start":{"line":18,"column":19},"end":{"line":18,"column":21}}]},"3":{"loc":{"start":{"line":53,"column":6},"end":{"line":58,"column":7}},"type":"if","locations":[{"start":{"line":53,"column":6},"end":{"line":58,"column":7}}]},"4":{"loc":{"start":{"line":53,"column":11},"end":{"line":53,"column":23}},"type":"cond-expr","locations":[{"start":{"line":53,"column":19},"end":{"line":53,"column":21}},{"start":{"line":53,"column":19},"end":{"line":53,"column":23}}]},"5":{"loc":{"start":{"line":53,"column":11},"end":{"line":53,"column":21}},"type":"binary-expr","locations":[{"start":{"line":53,"column":11},"end":{"line":53,"column":21}},{"start":{"line":53,"column":19},"end":{"line":53,"column":21}}]},"6":{"loc":{"start":{"line":79,"column":14},"end":{"line":79,"column":63}},"type":"cond-expr","locations":[{"start":{"line":79,"column":31},"end":{"line":79,"column":59}},{"start":{"line":79,"column":62},"end":{"line":79,"column":63}}]},"7":{"loc":{"start":{"line":80,"column":15},"end":{"line":80,"column":67}},"type":"cond-expr","locations":[{"start":{"line":80,"column":33},"end":{"line":80,"column":62}},{"start":{"line":80,"column":65},"end":{"line":80,"column":67}}]}},"s":{"0":1,"1":3,"2":3,"3":1,"4":2,"5":1,"6":1,"7":2,"8":2,"9":1,"10":1,"11":2,"12":2,"13":1,"14":1,"15":1,"16":1,"17":0,"18":2,"19":2,"20":2,"21":2,"22":0,"23":1,"24":1},"f":{"0":3,"1":2,"2":2,"3":2},"b":{"0":[1],"1":[1,2],"2":[3,3],"3":[1],"4":[1,1],"5":[2,2],"6":[1,1],"7":[1,1]}}
,"/Users/harrar/Dev/UserService/src/middleware/auth.middleware.ts": {"path":"/Users/harrar/Dev/UserService/src/middleware/auth.middleware.ts","statementMap":{"0":{"start":{"line":2,"column":0},"end":{"line":2,"column":68}},"1":{"start":{"line":3,"column":0},"end":{"line":3,"column":31}},"2":{"start":{"line":4,"column":0},"end":{"line":4,"column":52}},"3":{"start":{"line":5,"column":0},"end":{"line":5,"column":55}},"4":{"start":{"line":6,"column":0},"end":{"line":6,"column":37}},"5":{"start":{"line":7,"column":0},"end":{"line":7,"column":68}},"6":{"start":{"line":27,"column":13},"end":{"line":37,"column":3}},"7":{"start":{"line":39,"column":34},"end":{"line":77,"column":1}},"8":{"start":{"line":40,"column":2},"end":{"line":76,"column":3}},"9":{"start":{"line":41,"column":4},"end":{"line":43,"column":5}},"10":{"start":{"line":42,"column":6},"end":{"line":42,"column":72}},"11":{"start":{"line":45,"column":20},"end":{"line":45,"column":32}},"12":{"start":{"line":47,"column":4},"end":{"line":59,"column":5}},"13":{"start":{"line":48,"column":20},"end":{"line":48,"column":49}},"14":{"start":{"line":49,"column":19},"end":{"line":49,"column":32}},"15":{"start":{"line":51,"column":19},"end":{"line":55,"column":8}},"16":{"start":{"line":57,"column":6},"end":{"line":57,"column":22}},"17":{"start":{"line":58,"column":6},"end":{"line":58,"column":20}},"18":{"start":{"line":61,"column":18},"end":{"line":61,"column":38}},"19":{"start":{"line":62,"column":17},"end":{"line":62,"column":86}},"20":{"start":{"line":64,"column":17},"end":{"line":68,"column":6}},"21":{"start":{"line":71,"column":4},"end":{"line":71,"column":20}},"22":{"start":{"line":72,"column":4},"end":{"line":72,"column":11}},"23":{"start":{"line":74,"column":4},"end":{"line":74,"column":55}},"24":{"start":{"line":75,"column":4},"end":{"line":75,"column":16}},"25":{"start":{"line":39,"column":13},"end":{"line":39,"column":34}},"26":{"start":{"line":79,"column":28},"end":{"line":84,"column":1}},"27":{"start":{"line":80,"column":2},"end":{"line":82,"column":3}},"28":{"start":{"line":81,"column":4},"end":{"line":81,"column":61}},"29":{"start":{"line":83,"column":2},"end":{"line":83,"column":9}},"30":{"start":{"line":79,"column":13},"end":{"line":79,"column":28}}},"fnMap":{"0":{"name":"(anonymous_1)","decl":{"start":{"line":39,"column":34},"end":{"line":39,"column":39}},"loc":{"start":{"line":39,"column":92},"end":{"line":77,"column":1}}},"1":{"name":"(anonymous_2)","decl":{"start":{"line":79,"column":28},"end":{"line":79,"column":29}},"loc":{"start":{"line":79,"column":80},"end":{"line":84,"column":1}}}},"branchMap":{"0":{"loc":{"start":{"line":41,"column":4},"end":{"line":43,"column":5}},"type":"if","locations":[{"start":{"line":41,"column":4},"end":{"line":43,"column":5}}]},"1":{"loc":{"start":{"line":41,"column":9},"end":{"line":41,"column":22}},"type":"cond-expr","locations":[{"start":{"line":41,"column":17},"end":{"line":41,"column":19}},{"start":{"line":41,"column":17},"end":{"line":41,"column":22}}]},"2":{"loc":{"start":{"line":41,"column":9},"end":{"line":41,"column":19}},"type":"binary-expr","locations":[{"start":{"line":41,"column":9},"end":{"line":41,"column":19}},{"start":{"line":41,"column":17},"end":{"line":41,"column":19}}]},"3":{"loc":{"start":{"line":47,"column":4},"end":{"line":59,"column":5}},"type":"if","locations":[{"start":{"line":47,"column":4},"end":{"line":59,"column":5}}]},"4":{"loc":{"start":{"line":61,"column":18},"end":{"line":61,"column":38}},"type":"binary-expr","locations":[{"start":{"line":61,"column":18},"end":{"line":61,"column":32}},{"start":{"line":61,"column":36},"end":{"line":61,"column":38}}]},"5":{"loc":{"start":{"line":62,"column":17},"end":{"line":62,"column":86}},"type":"binary-expr","locations":[{"start":{"line":62,"column":17},"end":{"line":62,"column":63}},{"start":{"line":62,"column":67},"end":{"line":62,"column":80}},{"start":{"line":62,"column":84},"end":{"line":62,"column":86}}]},"6":{"loc":{"start":{"line":80,"column":2},"end":{"line":82,"column":3}},"type":"if","locations":[{"start":{"line":80,"column":2},"end":{"line":82,"column":3}}]},"7":{"loc":{"start":{"line":80,"column":6},"end":{"line":80,"column":20}},"type":"cond-expr","locations":[{"start":{"line":80,"column":14},"end":{"line":80,"column":16}},{"start":{"line":80,"column":14},"end":{"line":80,"column":20}}]},"8":{"loc":{"start":{"line":80,"column":6},"end":{"line":80,"column":16}},"type":"binary-expr","locations":[{"start":{"line":80,"column":6},"end":{"line":80,"column":16}},{"start":{"line":80,"column":14},"end":{"line":80,"column":16}}]}},"s":{"0":1,"1":1,"2":1,"3":1,"4":1,"5":1,"6":1,"7":1,"8":4,"9":4,"10":1,"11":3,"12":3,"13":1,"14":1,"15":1,"16":1,"17":1,"18":2,"19":2,"20":2,"21":1,"22":1,"23":1,"24":1,"25":1,"26":1,"27":2,"28":1,"29":1,"30":1},"f":{"0":4,"1":2},"b":{"0":[1],"1":[1,3],"2":[4,4],"3":[1],"4":[2,1],"5":[2,2,1],"6":[1],"7":[0,2],"8":[2,2]}}
,"/Users/harrar/Dev/UserService/src/middleware/error.middleware.ts": {"path":"/Users/harrar/Dev/UserService/src/middleware/error.middleware.ts","statementMap":{"0":{"start":{"line":2,"column":0},"end":{"line":2,"column":43}},"1":{"start":{"line":3,"column":0},"end":{"line":3,"column":37}},"2":{"start":{"line":5,"column":49},"end":{"line":39,"column":1}},"3":{"start":{"line":11,"column":2},"end":{"line":16,"column":5}},"4":{"start":{"line":18,"column":2},"end":{"line":24,"column":3}},"5":{"start":{"line":19,"column":4},"end":{"line":22,"column":7}},"6":{"start":{"line":23,"column":4},"end":{"line":23,"column":11}},"7":{"start":{"line":26,"column":2},"end":{"line":32,"column":3}},"8":{"start":{"line":27,"column":4},"end":{"line":30,"column":7}},"9":{"start":{"line":31,"column":4},"end":{"line":31,"column":11}},"10":{"start":{"line":34,"column":2},"end":{"line":37,"column":5}},"11":{"start":{"line":38,"column":2},"end":{"line":38,"column":9}},"12":{"start":{"line":5,"column":13},"end":{"line":5,"column":49}}},"fnMap":{"0":{"name":"(anonymous_1)","decl":{"start":{"line":5,"column":49},"end":{"line":5,"column":null}},"loc":{"start":{"line":10,"column":10},"end":{"line":39,"column":1}}}},"branchMap":{"0":{"loc":{"start":{"line":18,"column":2},"end":{"line":24,"column":3}},"type":"if","locations":[{"start":{"line":18,"column":2},"end":{"line":24,"column":3}}]},"1":{"loc":{"start":{"line":26,"column":2},"end":{"line":32,"column":3}},"type":"if","locations":[{"start":{"line":26,"column":2},"end":{"line":32,"column":3}}]}},"s":{"0":1,"1":1,"2":1,"3":3,"4":3,"5":1,"6":1,"7":2,"8":1,"9":1,"10":1,"11":1,"12":1},"f":{"0":3},"b":{"0":[1],"1":[1]}}
,"/Users/harrar/Dev/UserService/src/middleware/validation.middleware.ts": {"path":"/Users/harrar/Dev/UserService/src/middleware/validation.middleware.ts","statementMap":{"0":{"start":{"line":3,"column":0},"end":{"line":3,"column":50}},"1":{"start":{"line":5,"column":24},"end":{"line":16,"column":1}},"2":{"start":{"line":6,"column":2},"end":{"line":15,"column":4}},"3":{"start":{"line":7,"column":22},"end":{"line":7,"column":70}},"4":{"start":{"line":9,"column":4},"end":{"line":12,"column":5}},"5":{"start":{"line":10,"column":22},"end":{"line":10,"column":76}},"6":{"start":{"line":10,"column":50},"end":{"line":10,"column":64}},"7":{"start":{"line":11,"column":6},"end":{"line":11,"column":48}},"8":{"start":{"line":14,"column":4},"end":{"line":14,"column":11}},"9":{"start":{"line":5,"column":13},"end":{"line":5,"column":24}}},"fnMap":{"0":{"name":"(anonymous_0)","decl":{"start":{"line":5,"column":24},"end":{"line":5,"column":25}},"loc":{"start":{"line":5,"column":53},"end":{"line":16,"column":1}}},"1":{"name":"(anonymous_1)","decl":{"start":{"line":6,"column":9},"end":{"line":6,"column":10}},"loc":{"start":{"line":6,"column":61},"end":{"line":15,"column":3}}},"2":{"name":"(anonymous_2)","decl":{"start":{"line":10,"column":40},"end":{"line":10,"column":46}},"loc":{"start":{"line":10,"column":50},"end":{"line":10,"column":64}}}},"branchMap":{"0":{"loc":{"start":{"line":9,"column":4},"end":{"line":12,"column":5}},"type":"if","locations":[{"start":{"line":9,"column":4},"end":{"line":12,"column":5}}]}},"s":{"0":1,"1":1,"2":3,"3":3,"4":3,"5":2,"6":4,"7":2,"8":1,"9":1},"f":{"0":3,"1":3,"2":4},"b":{"0":[2]}}
,"/Users/harrar/Dev/UserService/src/models/user.model.ts": {"path":"/Users/harrar/Dev/UserService/src/models/user.model.ts","statementMap":{"0":{"start":{"line":1,"column":0},"end":{"line":1,"column":54}},"1":{"start":{"line":38,"column":19},"end":{"line":69,"column":null}},"2":{"start":{"line":64,"column":8},"end":{"line":64,"column":25}},"3":{"start":{"line":65,"column":8},"end":{"line":65,"column":23}},"4":{"start":{"line":66,"column":8},"end":{"line":66,"column":23}},"5":{"start":{"line":73,"column":13},"end":{"line":73,"column":54}},"6":{"start":{"line":75,"column":0},"end":{"line":75,"column":20}}},"fnMap":{"0":{"name":"(anonymous_9)","decl":{"start":{"line":63,"column":17},"end":{"line":63,"column":18}},"loc":{"start":{"line":63,"column":30},"end":{"line":67,"column":7}}}},"branchMap":{},"s":{"0":3,"1":3,"2":0,"3":0,"4":0,"5":3,"6":3},"f":{"0":0},"b":{}}
,"/Users/harrar/Dev/UserService/src/repositories/user.repository.ts": {"path":"/Users/harrar/Dev/UserService/src/repositories/user.repository.ts","statementMap":{"0":{"start":{"line":2,"column":0},"end":{"line":2,"column":110}},"1":{"start":{"line":3,"column":0},"end":{"line":3,"column":48}},"2":{"start":{"line":7,"column":4},"end":{"line":11,"column":5}},"3":{"start":{"line":8,"column":6},"end":{"line":8,"column":37}},"4":{"start":{"line":10,"column":6},"end":{"line":10,"column":18}},"5":{"start":{"line":15,"column":4},"end":{"line":15,"column":37}},"6":{"start":{"line":19,"column":20},"end":{"line":24,"column":6}},"7":{"start":{"line":26,"column":4},"end":{"line":26,"column":32}},"8":{"start":{"line":30,"column":39},"end":{"line":30,"column":41}},"9":{"start":{"line":32,"column":4},"end":{"line":34,"column":5}},"10":{"start":{"line":33,"column":6},"end":{"line":33,"column":52}},"11":{"start":{"line":36,"column":4},"end":{"line":38,"column":5}},"12":{"start":{"line":37,"column":6},"end":{"line":37,"column":40}},"13":{"start":{"line":41,"column":4},"end":{"line":47,"column":5}},"14":{"start":{"line":42,"column":26},"end":{"line":42,"column":49}},"15":{"start":{"line":43,"column":6},"end":{"line":45,"column":7}},"16":{"start":{"line":44,"column":8},"end":{"line":44,"column":50}},"17":{"start":{"line":46,"column":6},"end":{"line":46,"column":25}},"18":{"start":{"line":49,"column":24},"end":{"line":52,"column":null}},"19":{"start":{"line":55,"column":4},"end":{"line":57,"column":5}},"20":{"start":{"line":56,"column":6},"end":{"line":56,"column":48}},"21":{"start":{"line":59,"column":4},"end":{"line":59,"column":23}},"22":{"start":{"line":63,"column":17},"end":{"line":63,"column":50}},"23":{"start":{"line":65,"column":4},"end":{"line":67,"column":5}},"24":{"start":{"line":66,"column":6},"end":{"line":66,"column":48}},"25":{"start":{"line":69,"column":4},"end":{"line":69,"column":42}},"26":{"start":{"line":73,"column":17},"end":{"line":73,"column":34}},"27":{"start":{"line":74,"column":18},"end":{"line":74,"column":37}},"28":{"start":{"line":75,"column":17},"end":{"line":75,"column":35}},"29":{"start":{"line":78,"column":38},"end":{"line":78,"column":40}},"30":{"start":{"line":80,"column":4},"end":{"line":85,"column":5}},"31":{"start":{"line":81,"column":6},"end":{"line":84,"column":8}},"32":{"start":{"line":87,"column":18},"end":{"line":87,"column":50}},"33":{"start":{"line":89,"column":18},"end":{"line":92,"column":19}},"34":{"start":{"line":94,"column":4},"end":{"line":100,"column":6}},"35":{"start":{"line":104,"column":13},"end":{"line":104,"column":51}}},"fnMap":{"0":{"name":"(anonymous_1)","decl":{"start":{"line":6,"column":2},"end":{"line":6,"column":7}},"loc":{"start":{"line":6,"column":27},"end":{"line":12,"column":3}}},"1":{"name":"(anonymous_2)","decl":{"start":{"line":14,"column":2},"end":{"line":14,"column":7}},"loc":{"start":{"line":14,"column":37},"end":{"line":16,"column":3}}},"2":{"name":"(anonymous_3)","decl":{"start":{"line":18,"column":2},"end":{"line":18,"column":7}},"loc":{"start":{"line":18,"column":38},"end":{"line":27,"column":3}}},"3":{"name":"(anonymous_4)","decl":{"start":{"line":29,"column":2},"end":{"line":29,"column":7}},"loc":{"start":{"line":29,"column":50},"end":{"line":60,"column":3}}},"4":{"name":"(anonymous_5)","decl":{"start":{"line":62,"column":2},"end":{"line":62,"column":7}},"loc":{"start":{"line":62,"column":68},"end":{"line":70,"column":3}}},"5":{"name":"(anonymous_6)","decl":{"start":{"line":72,"column":2},"end":{"line":72,"column":7}},"loc":{"start":{"line":72,"column":36},"end":{"line":101,"column":3}}}},"branchMap":{"0":{"loc":{"start":{"line":22,"column":19},"end":{"line":22,"column":47}},"type":"binary-expr","locations":[{"start":{"line":22,"column":19},"end":{"line":22,"column":39}},{"start":{"line":22,"column":43},"end":{"line":22,"column":47}}]},"1":{"loc":{"start":{"line":23,"column":12},"end":{"line":23,"column":35}},"type":"binary-expr","locations":[{"start":{"line":23,"column":12},"end":{"line":23,"column":25}},{"start":{"line":23,"column":29},"end":{"line":23,"column":35}}]},"2":{"loc":{"start":{"line":32,"column":4},"end":{"line":34,"column":5}},"type":"if","locations":[{"start":{"line":32,"column":4},"end":{"line":34,"column":5}}]},"3":{"loc":{"start":{"line":36,"column":4},"end":{"line":38,"column":5}},"type":"if","locations":[{"start":{"line":36,"column":4},"end":{"line":38,"column":5}}]},"4":{"loc":{"start":{"line":41,"column":4},"end":{"line":47,"column":5}},"type":"if","locations":[{"start":{"line":41,"column":4},"end":{"line":47,"column":5}}]},"5":{"loc":{"start":{"line":43,"column":6},"end":{"line":45,"column":7}},"type":"if","locations":[{"start":{"line":43,"column":6},"end":{"line":45,"column":7}}]},"6":{"loc":{"start":{"line":55,"column":4},"end":{"line":57,"column":5}},"type":"if","locations":[{"start":{"line":55,"column":4},"end":{"line":57,"column":5}}]},"7":{"loc":{"start":{"line":65,"column":4},"end":{"line":67,"column":5}},"type":"if","locations":[{"start":{"line":65,"column":4},"end":{"line":67,"column":5}}]},"8":{"loc":{"start":{"line":73,"column":17},"end":{"line":73,"column":34}},"type":"binary-expr","locations":[{"start":{"line":73,"column":17},"end":{"line":73,"column":29}},{"start":{"line":73,"column":33},"end":{"line":73,"column":34}}]},"9":{"loc":{"start":{"line":74,"column":18},"end":{"line":74,"column":37}},"type":"binary-expr","locations":[{"start":{"line":74,"column":18},"end":{"line":74,"column":31}},{"start":{"line":74,"column":35},"end":{"line":74,"column":37}}]},"10":{"loc":{"start":{"line":80,"column":4},"end":{"line":85,"column":5}},"type":"if","locations":[{"start":{"line":80,"column":4},"end":{"line":85,"column":5}}]}},"s":{"0":3,"1":3,"2":2,"3":2,"4":0,"5":13,"6":11,"7":11,"8":3,"9":3,"10":3,"11":3,"12":1,"13":3,"14":0,"15":0,"16":0,"17":0,"18":3,"19":3,"20":1,"21":2,"22":0,"23":0,"24":0,"25":0,"26":2,"27":2,"28":2,"29":2,"30":2,"31":1,"32":2,"33":2,"34":2,"35":3},"f":{"0":2,"1":13,"2":11,"3":3,"4":0,"5":2},"b":{"0":[11,0],"1":[11,11],"2":[3],"3":[1],"4":[0],"5":[0],"6":[1],"7":[0],"8":[2,1],"9":[2,1],"10":[1]}}
,"/Users/harrar/Dev/UserService/src/routes/user.routes.ts": {"path":"/Users/harrar/Dev/UserService/src/routes/user.routes.ts","statementMap":{"0":{"start":{"line":1,"column":0},"end":{"line":1,"column":33}},"1":{"start":{"line":2,"column":0},"end":{"line":2,"column":64}},"2":{"start":{"line":3,"column":0},"end":{"line":3,"column":94}},"3":{"start":{"line":4,"column":0},"end":{"line":4,"column":63}},"4":{"start":{"line":5,"column":0},"end":{"line":5,"column":66}},"5":{"start":{"line":7,"column":15},"end":{"line":7,"column":23}},"6":{"start":{"line":11,"column":0},"end":{"line":11,"column":24}},"7":{"start":{"line":12,"column":0},"end":{"line":12,"column":31}},"8":{"start":{"line":15,"column":0},"end":{"line":15,"column":49}},"9":{"start":{"line":18,"column":0},"end":{"line":18,"column":80}},"10":{"start":{"line":21,"column":0},"end":{"line":21,"column":56}},"11":{"start":{"line":24,"column":0},"end":{"line":24,"column":61}},"12":{"start":{"line":26,"column":0},"end":{"line":26,"column":22}}},"fnMap":{},"branchMap":{},"s":{"0":0,"1":0,"2":0,"3":0,"4":0,"5":0,"6":0,"7":0,"8":0,"9":0,"10":0,"11":0,"12":0},"f":{},"b":{}}
,"/Users/harrar/Dev/UserService/src/services/auth0.service.ts": {"path":"/Users/harrar/Dev/UserService/src/services/auth0.service.ts","statementMap":{"0":{"start":{"line":1,"column":0},"end":{"line":1,"column":26}},"1":{"start":{"line":2,"column":0},"end":{"line":2,"column":52}},"2":{"start":{"line":3,"column":0},"end":{"line":3,"column":37}},"3":{"start":{"line":23,"column":10},"end":{"line":23,"column":48}},"4":{"start":{"line":24,"column":10},"end":{"line":24,"column":37}},"5":{"start":{"line":27,"column":4},"end":{"line":27,"column":25}},"6":{"start":{"line":28,"column":4},"end":{"line":28,"column":29}},"7":{"start":{"line":33,"column":4},"end":{"line":44,"column":5}},"8":{"start":{"line":34,"column":23},"end":{"line":38,"column":8}},"9":{"start":{"line":40,"column":6},"end":{"line":40,"column":27}},"10":{"start":{"line":42,"column":6},"end":{"line":42,"column":69}},"11":{"start":{"line":43,"column":6},"end":{"line":43,"column":62}},"12":{"start":{"line":49,"column":16},"end":{"line":49,"column":26}},"13":{"start":{"line":50,"column":4},"end":{"line":52,"column":5}},"14":{"start":{"line":51,"column":6},"end":{"line":51,"column":34}},"15":{"start":{"line":54,"column":4},"end":{"line":73,"column":5}},"16":{"start":{"line":55,"column":23},"end":{"line":62,"column":null}},"17":{"start":{"line":65,"column":6},"end":{"line":65,"column":56}},"18":{"start":{"line":67,"column":6},"end":{"line":67,"column":74}},"19":{"start":{"line":69,"column":6},"end":{"line":69,"column":34}},"20":{"start":{"line":71,"column":6},"end":{"line":71,"column":70}},"21":{"start":{"line":72,"column":6},"end":{"line":72,"column":62}},"22":{"start":{"line":77,"column":4},"end":{"line":93,"column":5}},"23":{"start":{"line":78,"column":20},"end":{"line":78,"column":51}},"24":{"start":{"line":80,"column":23},"end":{"line":86,"column":null}},"25":{"start":{"line":89,"column":6},"end":{"line":89,"column":27}},"26":{"start":{"line":91,"column":6},"end":{"line":91,"column":80}},"27":{"start":{"line":92,"column":6},"end":{"line":92,"column":65}},"28":{"start":{"line":97,"column":4},"end":{"line":113,"column":5}},"29":{"start":{"line":98,"column":20},"end":{"line":98,"column":51}},"30":{"start":{"line":100,"column":6},"end":{"line":109,"column":8}},"31":{"start":{"line":111,"column":6},"end":{"line":111,"column":89}},"32":{"start":{"line":112,"column":6},"end":{"line":112,"column":65}},"33":{"start":{"line":117,"column":13},"end":{"line":120,"column":2}}},"fnMap":{"0":{"name":"(anonymous_1)","decl":{"start":{"line":26,"column":2},"end":{"line":26,"column":14}},"loc":{"start":{"line":26,"column":46},"end":{"line":29,"column":3}}},"1":{"name":"(anonymous_2)","decl":{"start":{"line":32,"column":2},"end":{"line":32,"column":7}},"loc":{"start":{"line":32,"column":39},"end":{"line":45,"column":3}}},"2":{"name":"(anonymous_3)","decl":{"start":{"line":48,"column":10},"end":{"line":48,"column":15}},"loc":{"start":{"line":48,"column":34},"end":{"line":74,"column":3}}},"3":{"name":"(anonymous_4)","decl":{"start":{"line":76,"column":2},"end":{"line":76,"column":7}},"loc":{"start":{"line":76,"column":41},"end":{"line":94,"column":3}}},"4":{"name":"(anonymous_5)","decl":{"start":{"line":96,"column":2},"end":{"line":96,"column":7}},"loc":{"start":{"line":96,"column":59},"end":{"line":114,"column":3}}}},"branchMap":{"0":{"loc":{"start":{"line":50,"column":4},"end":{"line":52,"column":5}},"type":"if","locations":[{"start":{"line":50,"column":4},"end":{"line":52,"column":5}}]},"1":{"loc":{"start":{"line":50,"column":8},"end":{"line":50,"column":57}},"type":"binary-expr","locations":[{"start":{"line":50,"column":8},"end":{"line":50,"column":28}},{"start":{"line":50,"column":32},"end":{"line":50,"column":57}}]}},"s":{"0":1,"1":1,"2":1,"3":1,"4":1,"5":1,"6":1,"7":2,"8":2,"9":1,"10":1,"11":1,"12":3,"13":3,"14":2,"15":1,"16":1,"17":1,"18":1,"19":1,"20":0,"21":0,"22":1,"23":1,"24":1,"25":1,"26":0,"27":0,"28":1,"29":1,"30":1,"31":0,"32":0,"33":1},"f":{"0":1,"1":2,"2":3,"3":1,"4":1},"b":{"0":[2],"1":[3,2]}}
,"/Users/harrar/Dev/UserService/src/services/user.service.ts": {"path":"/Users/harrar/Dev/UserService/src/services/user.service.ts","statementMap":{"0":{"start":{"line":2,"column":0},"end":{"line":2,"column":65}},"1":{"start":{"line":3,"column":0},"end":{"line":3,"column":48}},"2":{"start":{"line":4,"column":0},"end":{"line":4,"column":37}},"3":{"start":{"line":8,"column":17},"end":{"line":8,"column":50}},"4":{"start":{"line":10,"column":4},"end":{"line":12,"column":5}},"5":{"start":{"line":11,"column":6},"end":{"line":11,"column":48}},"6":{"start":{"line":14,"column":4},"end":{"line":14,"column":16}},"7":{"start":{"line":18,"column":4},"end":{"line":18,"column":49}},"8":{"start":{"line":22,"column":4},"end":{"line":45,"column":5}},"9":{"start":{"line":23,"column":27},"end":{"line":23,"column":69}},"10":{"start":{"line":25,"column":6},"end":{"line":36,"column":7}},"11":{"start":{"line":26,"column":8},"end":{"line":33,"column":9}},"12":{"start":{"line":29,"column":10},"end":{"line":32,"column":13}},"13":{"start":{"line":35,"column":8},"end":{"line":35,"column":28}},"14":{"start":{"line":38,"column":22},"end":{"line":38,"column":59}},"15":{"start":{"line":39,"column":6},"end":{"line":39,"column":88}},"16":{"start":{"line":41,"column":6},"end":{"line":41,"column":21}},"17":{"start":{"line":43,"column":6},"end":{"line":43,"column":91}},"18":{"start":{"line":44,"column":6},"end":{"line":44,"column":18}},"19":{"start":{"line":49,"column":4},"end":{"line":49,"column":49}},"20":{"start":{"line":53,"column":4},"end":{"line":53,"column":43}},"21":{"start":{"line":57,"column":13},"end":{"line":57,"column":45}}},"fnMap":{"0":{"name":"(anonymous_1)","decl":{"start":{"line":7,"column":2},"end":{"line":7,"column":7}},"loc":{"start":{"line":7,"column":27},"end":{"line":15,"column":3}}},"1":{"name":"(anonymous_2)","decl":{"start":{"line":17,"column":2},"end":{"line":17,"column":7}},"loc":{"start":{"line":17,"column":37},"end":{"line":19,"column":3}}},"2":{"name":"(anonymous_3)","decl":{"start":{"line":21,"column":2},"end":{"line":21,"column":7}},"loc":{"start":{"line":21,"column":48},"end":{"line":46,"column":3}}},"3":{"name":"(anonymous_4)","decl":{"start":{"line":48,"column":2},"end":{"line":48,"column":7}},"loc":{"start":{"line":48,"column":59},"end":{"line":50,"column":3}}},"4":{"name":"(anonymous_5)","decl":{"start":{"line":52,"column":2},"end":{"line":52,"column":7}},"loc":{"start":{"line":52,"column":41},"end":{"line":54,"column":3}}}},"branchMap":{"0":{"loc":{"start":{"line":10,"column":4},"end":{"line":12,"column":5}},"type":"if","locations":[{"start":{"line":10,"column":4},"end":{"line":12,"column":5}}]},"1":{"loc":{"start":{"line":25,"column":6},"end":{"line":36,"column":7}},"type":"if","locations":[{"start":{"line":25,"column":6},"end":{"line":36,"column":7}}]},"2":{"loc":{"start":{"line":26,"column":8},"end":{"line":33,"column":9}},"type":"if","locations":[{"start":{"line":26,"column":8},"end":{"line":33,"column":9}}]},"3":{"loc":{"start":{"line":26,"column":12},"end":{"line":27,"column":61}},"type":"binary-expr","locations":[{"start":{"line":26,"column":12},"end":{"line":26,"column":49}},{"start":{"line":27,"column":12},"end":{"line":27,"column":61}}]}},"s":{"0":3,"1":3,"2":3,"3":2,"4":2,"5":1,"6":1,"7":13,"8":13,"9":13,"10":13,"11":2,"12":1,"13":1,"14":11,"15":11,"16":11,"17":0,"18":0,"19":2,"20":2,"21":3},"f":{"0":2,"1":13,"2":13,"3":2,"4":2},"b":{"0":[1],"1":[2],"2":[1],"3":[2,1]}}
,"/Users/harrar/Dev/UserService/src/utils/errors.ts": {"path":"/Users/harrar/Dev/UserService/src/utils/errors.ts","statementMap":{"0":{"start":{"line":6,"column":6},"end":{"line":6,"column":21}},"1":{"start":{"line":7,"column":6},"end":{"line":7,"column":35}},"2":{"start":{"line":8,"column":6},"end":{"line":8,"column":32}},"3":{"start":{"line":10,"column":6},"end":{"line":10,"column":54}},"4":{"start":{"line":1,"column":0},"end":{"line":1,"column":13}},"5":{"start":{"line":16,"column":6},"end":{"line":16,"column":26}},"6":{"start":{"line":14,"column":2},"end":{"line":14,"column":15}},"7":{"start":{"line":22,"column":6},"end":{"line":22,"column":26}},"8":{"start":{"line":20,"column":2},"end":{"line":20,"column":15}},"9":{"start":{"line":28,"column":6},"end":{"line":28,"column":26}},"10":{"start":{"line":26,"column":2},"end":{"line":26,"column":15}},"11":{"start":{"line":34,"column":6},"end":{"line":34,"column":26}},"12":{"start":{"line":32,"column":2},"end":{"line":32,"column":15}}},"fnMap":{"0":{"name":"(anonymous_0)","decl":{"start":{"line":5,"column":4},"end":{"line":5,"column":16}},"loc":{"start":{"line":5,"column":51},"end":{"line":11,"column":5}}},"1":{"name":"(anonymous_1)","decl":{"start":{"line":15,"column":4},"end":{"line":15,"column":16}},"loc":{"start":{"line":15,"column":46},"end":{"line":17,"column":5}}},"2":{"name":"(anonymous_2)","decl":{"start":{"line":21,"column":4},"end":{"line":21,"column":16}},"loc":{"start":{"line":21,"column":40},"end":{"line":23,"column":5}}},"3":{"name":"(anonymous_3)","decl":{"start":{"line":27,"column":4},"end":{"line":27,"column":16}},"loc":{"start":{"line":27,"column":37},"end":{"line":29,"column":5}}},"4":{"name":"(anonymous_4)","decl":{"start":{"line":33,"column":4},"end":{"line":33,"column":16}},"loc":{"start":{"line":33,"column":44},"end":{"line":35,"column":5}}}},"branchMap":{"0":{"loc":{"start":{"line":15,"column":16},"end":{"line":15,"column":46}},"type":"default-arg","locations":[{"start":{"line":15,"column":26},"end":{"line":15,"column":46}}]},"1":{"loc":{"start":{"line":21,"column":16},"end":{"line":21,"column":40}},"type":"default-arg","locations":[{"start":{"line":21,"column":26},"end":{"line":21,"column":40}}]},"2":{"loc":{"start":{"line":27,"column":16},"end":{"line":27,"column":37}},"type":"default-arg","locations":[{"start":{"line":27,"column":26},"end":{"line":27,"column":37}}]},"3":{"loc":{"start":{"line":33,"column":16},"end":{"line":33,"column":44}},"type":"default-arg","locations":[{"start":{"line":33,"column":26},"end":{"line":33,"column":44}}]}},"s":{"0":8,"1":8,"2":8,"3":8,"4":7,"5":4,"6":7,"7":1,"8":7,"9":1,"10":7,"11":2,"12":7},"f":{"0":8,"1":4,"2":1,"3":1,"4":2},"b":{"0":[0],"1":[0],"2":[0],"3":[0]}}
,"/Users/harrar/Dev/UserService/src/utils/logger.ts": {"path":"/Users/harrar/Dev/UserService/src/utils/logger.ts","statementMap":{"0":{"start":{"line":1,"column":0},"end":{"line":1,"column":30}},"1":{"start":{"line":2,"column":0},"end":{"line":2,"column":52}},"2":{"start":{"line":4,"column":15},"end":{"line":19,"column":2}},"3":{"start":{"line":21,"column":0},"end":{"line":21,"column":22}}},"fnMap":{},"branchMap":{},"s":{"0":0,"1":0,"2":0,"3":0},"f":{},"b":{}}
,"/Users/harrar/Dev/UserService/src/validations/user.validation.ts": {"path":"/Users/harrar/Dev/UserService/src/validations/user.validation.ts","statementMap":{"0":{"start":{"line":1,"column":0},"end":{"line":1,"column":22}},"1":{"start":{"line":3,"column":13},"end":{"line":5,"column":3}},"2":{"start":{"line":7,"column":13},"end":{"line":11,"column":3}}},"fnMap":{},"branchMap":{},"s":{"0":0,"1":0,"2":0},"f":{},"b":{}}
}
