TN:
SF:src/app.ts
FN:19,(anonymous_1)
FNF:1
FNH:0
FNDA:0,(anonymous_1)
DA:1,0
DA:2,0
DA:3,0
DA:4,0
DA:5,0
DA:6,0
DA:7,0
DA:10,0
DA:12,0
DA:13,0
DA:14,0
DA:15,0
DA:17,0
DA:19,0
DA:20,0
DA:23,0
DA:25,0
LF:17
LH:0
BRDA:15,0,0,0
BRDA:15,0,1,0
BRF:2
BRH:0
end_of_record
TN:
SF:src/server.ts
FN:7,(anonymous_1)
FN:11,(anonymous_2)
FN:15,(anonymous_3)
FN:17,(anonymous_4)
FN:22,(anonymous_5)
FN:24,(anonymous_6)
FNF:6
FNH:0
FNDA:0,(anonymous_1)
FNDA:0,(anonymous_2)
FNDA:0,(anonymous_3)
FNDA:0,(anonymous_4)
FNDA:0,(anonymous_5)
FNDA:0,(anonymous_6)
DA:1,0
DA:2,0
DA:3,0
DA:4,0
DA:5,0
DA:7,0
DA:8,0
DA:9,0
DA:11,0
DA:12,0
DA:15,0
DA:16,0
DA:17,0
DA:18,0
DA:22,0
DA:23,0
DA:24,0
DA:25,0
DA:29,0
DA:30,0
DA:34,0
LF:21
LH:0
BRF:0
BRH:0
end_of_record
TN:
SF:src/config/database.ts
FN:5,(anonymous_1)
FN:12,(anonymous_2)
FN:16,(anonymous_3)
FN:21,(anonymous_4)
FNF:4
FNH:0
FNDA:0,(anonymous_1)
FNDA:0,(anonymous_2)
FNDA:0,(anonymous_3)
FNDA:0,(anonymous_4)
DA:1,0
DA:2,0
DA:3,0
DA:5,0
DA:6,0
DA:7,0
DA:9,0
DA:12,0
DA:13,0
DA:16,0
DA:17,0
DA:21,0
DA:22,0
DA:23,0
DA:24,0
DA:28,0
DA:29,0
DA:33,0
LF:18
LH:0
BRF:0
BRH:0
end_of_record
TN:
SF:src/config/environment.ts
FNF:0
FNH:0
DA:12,2
LF:1
LH:1
BRDA:13,0,0,2
BRDA:13,0,1,0
BRDA:14,1,0,2
BRDA:14,1,1,0
BRDA:15,2,0,2
BRDA:15,2,1,0
BRDA:17,3,0,2
BRDA:17,3,1,0
BRDA:18,4,0,2
BRDA:18,4,1,0
BRDA:20,5,0,2
BRDA:20,5,1,0
BRF:12
BRH:6
end_of_record
TN:
SF:src/controllers/user.controller.ts
FN:16,(anonymous_0)
FN:37,(anonymous_1)
FN:51,(anonymous_2)
FN:76,(anonymous_3)
FNF:4
FNH:4
FNDA:3,(anonymous_0)
FNDA:2,(anonymous_1)
FNDA:2,(anonymous_2)
FNDA:2,(anonymous_3)
DA:2,1
DA:14,1
DA:17,3
DA:18,3
DA:19,1
DA:25,2
DA:27,1
DA:32,1
DA:38,2
DA:39,2
DA:41,1
DA:46,1
DA:52,2
DA:53,2
DA:54,1
DA:60,1
DA:64,1
DA:66,1
DA:71,0
DA:77,2
DA:78,2
DA:84,2
DA:86,2
DA:97,0
DA:102,1
LF:25
LH:23
BRDA:18,0,0,1
BRDA:18,1,0,1
BRDA:18,1,1,2
BRDA:18,2,0,3
BRDA:18,2,1,3
BRDA:53,3,0,1
BRDA:53,4,0,1
BRDA:53,4,1,1
BRDA:53,5,0,2
BRDA:53,5,1,2
BRDA:79,6,0,1
BRDA:79,6,1,1
BRDA:80,7,0,1
BRDA:80,7,1,1
BRF:14
BRH:14
end_of_record
TN:
SF:src/middleware/auth.middleware.ts
FN:39,(anonymous_1)
FN:79,(anonymous_2)
FNF:2
FNH:2
FNDA:4,(anonymous_1)
FNDA:2,(anonymous_2)
DA:2,1
DA:3,1
DA:4,1
DA:5,1
DA:6,1
DA:7,1
DA:27,1
DA:39,1
DA:40,4
DA:41,4
DA:42,1
DA:45,3
DA:47,3
DA:48,1
DA:49,1
DA:51,1
DA:57,1
DA:58,1
DA:61,2
DA:62,2
DA:64,2
DA:71,1
DA:72,1
DA:74,1
DA:75,1
DA:79,1
DA:80,2
DA:81,1
DA:83,1
LF:29
LH:29
BRDA:41,0,0,1
BRDA:41,1,0,1
BRDA:41,1,1,3
BRDA:41,2,0,4
BRDA:41,2,1,4
BRDA:47,3,0,1
BRDA:61,4,0,2
BRDA:61,4,1,1
BRDA:62,5,0,2
BRDA:62,5,1,2
BRDA:62,5,2,1
BRDA:80,6,0,1
BRDA:80,7,0,0
BRDA:80,7,1,2
BRDA:80,8,0,2
BRDA:80,8,1,2
BRF:16
BRH:15
end_of_record
TN:
SF:src/middleware/error.middleware.ts
FN:5,(anonymous_1)
FNF:1
FNH:1
FNDA:3,(anonymous_1)
DA:2,1
DA:3,1
DA:5,1
DA:11,3
DA:18,3
DA:19,1
DA:23,1
DA:26,2
DA:27,1
DA:31,1
DA:34,1
DA:38,1
LF:12
LH:12
BRDA:18,0,0,1
BRDA:26,1,0,1
BRF:2
BRH:2
end_of_record
TN:
SF:src/middleware/validation.middleware.ts
FN:5,(anonymous_0)
FN:6,(anonymous_1)
FN:10,(anonymous_2)
FNF:3
FNH:3
FNDA:3,(anonymous_0)
FNDA:3,(anonymous_1)
FNDA:4,(anonymous_2)
DA:3,1
DA:5,1
DA:6,3
DA:7,3
DA:9,3
DA:10,4
DA:11,2
DA:14,1
LF:8
LH:8
BRDA:9,0,0,2
BRF:1
BRH:1
end_of_record
TN:
SF:src/models/user.model.ts
FN:63,(anonymous_9)
FNF:1
FNH:0
FNDA:0,(anonymous_9)
DA:1,3
DA:38,3
DA:64,0
DA:65,0
DA:66,0
DA:73,3
DA:75,3
LF:7
LH:4
BRF:0
BRH:0
end_of_record
TN:
SF:src/repositories/user.repository.ts
FN:6,(anonymous_1)
FN:14,(anonymous_2)
FN:18,(anonymous_3)
FN:29,(anonymous_4)
FN:62,(anonymous_5)
FN:72,(anonymous_6)
FNF:6
FNH:5
FNDA:2,(anonymous_1)
FNDA:13,(anonymous_2)
FNDA:11,(anonymous_3)
FNDA:3,(anonymous_4)
FNDA:0,(anonymous_5)
FNDA:2,(anonymous_6)
DA:2,3
DA:3,3
DA:7,2
DA:8,2
DA:10,0
DA:15,13
DA:19,11
DA:26,11
DA:30,3
DA:32,3
DA:33,3
DA:36,3
DA:37,1
DA:41,3
DA:42,0
DA:43,0
DA:44,0
DA:46,0
DA:49,3
DA:55,3
DA:56,1
DA:59,2
DA:63,0
DA:65,0
DA:66,0
DA:69,0
DA:73,2
DA:74,2
DA:75,2
DA:78,2
DA:80,2
DA:81,1
DA:87,2
DA:89,2
DA:94,2
DA:104,3
LF:36
LH:27
BRDA:22,0,0,11
BRDA:22,0,1,0
BRDA:23,1,0,11
BRDA:23,1,1,11
BRDA:32,2,0,3
BRDA:36,3,0,1
BRDA:41,4,0,0
BRDA:43,5,0,0
BRDA:55,6,0,1
BRDA:65,7,0,0
BRDA:73,8,0,2
BRDA:73,8,1,1
BRDA:74,9,0,2
BRDA:74,9,1,1
BRDA:80,10,0,1
BRF:15
BRH:11
end_of_record
TN:
SF:src/routes/user.routes.ts
FNF:0
FNH:0
DA:1,0
DA:2,0
DA:3,0
DA:4,0
DA:5,0
DA:7,0
DA:11,0
DA:12,0
DA:15,0
DA:18,0
DA:21,0
DA:24,0
DA:26,0
LF:13
LH:0
BRF:0
BRH:0
end_of_record
TN:
SF:src/services/auth0.service.ts
FN:26,(anonymous_1)
FN:32,(anonymous_2)
FN:48,(anonymous_3)
FN:76,(anonymous_4)
FN:96,(anonymous_5)
FNF:5
FNH:5
FNDA:1,(anonymous_1)
FNDA:2,(anonymous_2)
FNDA:3,(anonymous_3)
FNDA:1,(anonymous_4)
FNDA:1,(anonymous_5)
DA:1,1
DA:2,1
DA:3,1
DA:23,1
DA:24,1
DA:27,1
DA:28,1
DA:33,2
DA:34,2
DA:40,1
DA:42,1
DA:43,1
DA:49,3
DA:50,3
DA:51,2
DA:54,1
DA:55,1
DA:65,1
DA:67,1
DA:69,1
DA:71,0
DA:72,0
DA:77,1
DA:78,1
DA:80,1
DA:89,1
DA:91,0
DA:92,0
DA:97,1
DA:98,1
DA:100,1
DA:111,0
DA:112,0
DA:117,1
LF:34
LH:28
BRDA:50,0,0,2
BRDA:50,1,0,3
BRDA:50,1,1,2
BRF:3
BRH:3
end_of_record
TN:
SF:src/services/user.service.ts
FN:7,(anonymous_1)
FN:17,(anonymous_2)
FN:21,(anonymous_3)
FN:48,(anonymous_4)
FN:52,(anonymous_5)
FNF:5
FNH:5
FNDA:2,(anonymous_1)
FNDA:13,(anonymous_2)
FNDA:13,(anonymous_3)
FNDA:2,(anonymous_4)
FNDA:2,(anonymous_5)
DA:2,3
DA:3,3
DA:4,3
DA:8,2
DA:10,2
DA:11,1
DA:14,1
DA:18,13
DA:22,13
DA:23,13
DA:25,13
DA:26,2
DA:29,1
DA:35,1
DA:38,11
DA:39,11
DA:41,11
DA:43,0
DA:44,0
DA:49,2
DA:53,2
DA:57,3
LF:22
LH:20
BRDA:10,0,0,1
BRDA:25,1,0,2
BRDA:26,2,0,1
BRDA:26,3,0,2
BRDA:26,3,1,1
BRF:5
BRH:5
end_of_record
TN:
SF:src/utils/errors.ts
FN:5,(anonymous_0)
FN:15,(anonymous_1)
FN:21,(anonymous_2)
FN:27,(anonymous_3)
FN:33,(anonymous_4)
FNF:5
FNH:5
FNDA:8,(anonymous_0)
FNDA:4,(anonymous_1)
FNDA:1,(anonymous_2)
FNDA:1,(anonymous_3)
FNDA:2,(anonymous_4)
DA:1,7
DA:6,8
DA:7,8
DA:8,8
DA:10,8
DA:14,7
DA:16,4
DA:20,7
DA:22,1
DA:26,7
DA:28,1
DA:32,7
DA:34,2
LF:13
LH:13
BRDA:15,0,0,0
BRDA:21,1,0,0
BRDA:27,2,0,0
BRDA:33,3,0,0
BRF:4
BRH:0
end_of_record
TN:
SF:src/utils/logger.ts
FNF:0
FNH:0
DA:1,0
DA:2,0
DA:4,0
DA:21,0
LF:4
LH:0
BRF:0
BRH:0
end_of_record
TN:
SF:src/validations/user.validation.ts
FNF:0
FNH:0
DA:1,0
DA:3,0
DA:7,0
LF:3
LH:0
BRF:0
BRH:0
end_of_record
